<?xml version="1.0" encoding="UTF-8"?>
<!-- Generated by org.testng.reporters.JUnitXMLReporter -->
<testsuite ignored="0" hostname="PSchandi-Surface" failures="2" tests="5" name="BaseTest" time="54.276" errors="0" timestamp="2025-05-23T16:57:50 MST">
  <testcase classname="testCases.T001_LoginTest" name="verifyLogin1" time="7.758"/>
  <testcase classname="testCases.T001_LoginTest" name="verifyLogin2" time="16.513">
    <failure type="java.lang.AssertionError" message="null">
      <![CDATA[java.lang.AssertionError: null
at testCases.T001_LoginTest.verifyLogin2(T001_LoginTest.java:63)
at java.base/java.util.ArrayList.forEach(ArrayList.java:1596)
... Removed 27 stack frames]]>
    </failure>
  </testcase> <!-- verifyLogin2 -->
  <testcase classname="testCases.T001_LoginTest" name="verifyLogin3" time="12.22">
    <failure type="java.lang.AssertionError" message="null">
      <![CDATA[java.lang.AssertionError: null
at testCases.T001_LoginTest.verifyLogin3(T001_LoginTest.java:94)
at java.base/java.util.ArrayList.forEach(ArrayList.java:1596)
... Removed 27 stack frames]]>
    </failure>
  </testcase> <!-- verifyLogin3 -->
  <testcase classname="testCases.T002_SignupLoginUITest" name="verifyUI" time="3.249"/>
  <testcase classname="testCases.T003_SignupUITest" name="verifySignupPageUI" time="3.774"/>
</testsuite> <!-- BaseTest -->
