<?xml version="1.0" encoding="UTF-8"?>
<!-- Generated by org.testng.reporters.JUnitXMLReporter -->
<testsuite ignored="0" hostname="PSchandi-Surface" failures="0" tests="5" name="FirefoxTest" time="63.498" errors="0" timestamp="2025-05-23T12:57:52 MST">
  <testcase classname="testCases.T001_LoginTest" name="verifyLogin1" time="1.531"/>
  <testcase classname="testCases.T001_LoginTest" name="verifyLogin2" time="16.85"/>
  <testcase classname="testCases.T001_LoginTest" name="verifyLogin3" time="0.037"/>
  <testcase classname="testCases.T002_SignupLoginUITest" name="verifyUI" time="4.237"/>
  <testcase classname="testCases.T003_SignupUITest" name="verifySignupPageUI" time="4.555"/>
</testsuite> <!-- FirefoxTest -->
