<?xml version="1.0" encoding="UTF-8"?>
<testng-results ignored="0" total="5" passed="3" failed="2" skipped="0">
  <reporter-output>
    <line>
      <![CDATA[Login failed - Invalid password]]>
    </line>
    <line>
      <![CDATA[Login failed - Invalid Email]]>
    </line>
  </reporter-output>
  <suite started-at="2025-05-23T16:56:56 MST" name="Suite" finished-at="2025-05-23T16:57:50 MST" duration-ms="54276">
    <groups>
      <group name="smoke">
        <method signature="T001_LoginTest.verifyLogin1()[pri:0, instance:testCases.T001_LoginTest@6995bf68]" name="verifyLogin1" class="testCases.T001_LoginTest"/>
        <method signature="T001_LoginTest.verifyLogin2()[pri:0, instance:testCases.T001_LoginTest@6995bf68]" name="verifyLogin2" class="testCases.T001_LoginTest"/>
        <method signature="T001_LoginTest.verifyLogin3()[pri:0, instance:testCases.T001_LoginTest@6995bf68]" name="verifyLogin3" class="testCases.T001_LoginTest"/>
        <method signature="T003_SignupUITest.verifySignupPageUI()[pri:0, instance:testCases.T003_SignupUITest@294a6b8e]" name="verifySignupPageUI" class="testCases.T003_SignupUITest"/>
      </group> <!-- smoke -->
      <group name="sanity">
        <method signature="T002_SignupLoginUITest.verifyUI()[pri:0, instance:testCases.T002_SignupLoginUITest@5b1ebf56]" name="verifyUI" class="testCases.T002_SignupLoginUITest"/>
      </group> <!-- sanity -->
    </groups>
    <test started-at="2025-05-23T16:56:56 MST" name="BaseTest" finished-at="2025-05-23T16:57:50 MST" duration-ms="54276">
      <class name="testCases.T003_SignupUITest">
        <test-method is-config="true" signature="setup(java.lang.String,java.lang.String)[pri:0, instance:testCases.T003_SignupUITest@294a6b8e]" started-at="2025-05-23T16:57:43 MST" name="setup" finished-at="2025-05-23T16:57:46 MST" duration-ms="2830" status="PASS">
          <params>
            <param index="0">
              <value>
                <![CDATA[windows]]>
              </value>
            </param>
            <param index="1">
              <value>
                <![CDATA[chrome]]>
              </value>
            </param>
          </params>
          <reporter-output>
          </reporter-output>
        </test-method> <!-- setup -->
        <test-method signature="verifySignupPageUI()[pri:0, instance:testCases.T003_SignupUITest@294a6b8e]" started-at="2025-05-23T16:57:46 MST" name="verifySignupPageUI" finished-at="2025-05-23T16:57:50 MST" duration-ms="3774" status="PASS">
          <reporter-output>
          </reporter-output>
        </test-method> <!-- verifySignupPageUI -->
        <test-method is-config="true" signature="tearDown()[pri:0, instance:testCases.T003_SignupUITest@294a6b8e]" started-at="2025-05-23T16:57:50 MST" name="tearDown" finished-at="2025-05-23T16:57:50 MST" duration-ms="247" status="PASS">
          <reporter-output>
          </reporter-output>
        </test-method> <!-- tearDown -->
      </class> <!-- testCases.T003_SignupUITest -->
      <class name="testCases.T002_SignupLoginUITest">
        <test-method is-config="true" signature="setup(java.lang.String,java.lang.String)[pri:0, instance:testCases.T002_SignupLoginUITest@5b1ebf56]" started-at="2025-05-23T16:57:37 MST" name="setup" finished-at="2025-05-23T16:57:39 MST" duration-ms="2883" status="PASS">
          <params>
            <param index="0">
              <value>
                <![CDATA[windows]]>
              </value>
            </param>
            <param index="1">
              <value>
                <![CDATA[chrome]]>
              </value>
            </param>
          </params>
          <reporter-output>
          </reporter-output>
        </test-method> <!-- setup -->
        <test-method signature="verifyUI()[pri:0, instance:testCases.T002_SignupLoginUITest@5b1ebf56]" started-at="2025-05-23T16:57:39 MST" name="verifyUI" finished-at="2025-05-23T16:57:43 MST" duration-ms="3249" status="PASS">
          <reporter-output>
          </reporter-output>
        </test-method> <!-- verifyUI -->
        <test-method is-config="true" signature="tearDown()[pri:0, instance:testCases.T002_SignupLoginUITest@5b1ebf56]" started-at="2025-05-23T16:57:43 MST" name="tearDown" finished-at="2025-05-23T16:57:43 MST" duration-ms="339" status="PASS">
          <reporter-output>
          </reporter-output>
        </test-method> <!-- tearDown -->
      </class> <!-- testCases.T002_SignupLoginUITest -->
      <class name="testCases.T001_LoginTest">
        <test-method is-config="true" signature="setup(java.lang.String,java.lang.String)[pri:0, instance:testCases.T001_LoginTest@6995bf68]" started-at="2025-05-23T16:56:56 MST" name="setup" finished-at="2025-05-23T16:57:00 MST" duration-ms="3840" status="PASS">
          <params>
            <param index="0">
              <value>
                <![CDATA[windows]]>
              </value>
            </param>
            <param index="1">
              <value>
                <![CDATA[chrome]]>
              </value>
            </param>
          </params>
          <reporter-output>
          </reporter-output>
        </test-method> <!-- setup -->
        <test-method signature="verifyLogin1()[pri:0, instance:testCases.T001_LoginTest@6995bf68]" started-at="2025-05-23T16:57:00 MST" name="verifyLogin1" finished-at="2025-05-23T16:57:07 MST" duration-ms="7758" status="PASS">
          <reporter-output>
          </reporter-output>
        </test-method> <!-- verifyLogin1 -->
        <test-method signature="verifyLogin2()[pri:0, instance:testCases.T001_LoginTest@6995bf68]" started-at="2025-05-23T16:57:07 MST" name="verifyLogin2" finished-at="2025-05-23T16:57:24 MST" duration-ms="16513" status="FAIL">
          <exception class="java.lang.AssertionError">
            <message>
              <![CDATA[null]]>
            </message>
            <full-stacktrace>
              <![CDATA[java.lang.AssertionError: null
at org.testng.Assert.fail(Assert.java:111)
at org.testng.Assert.fail(Assert.java:116)
at testCases.T001_LoginTest.verifyLogin2(T001_LoginTest.java:63)
at java.base/jdk.internal.reflect.DirectMethodHandleAccessor.invoke(DirectMethodHandleAccessor.java:103)
at java.base/java.lang.reflect.Method.invoke(Method.java:580)
at org.testng.internal.invokers.MethodInvocationHelper.invokeMethod(MethodInvocationHelper.java:141)
at org.testng.internal.invokers.TestInvoker.invokeMethod(TestInvoker.java:687)
at org.testng.internal.invokers.TestInvoker.invokeTestMethod(TestInvoker.java:230)
at org.testng.internal.invokers.MethodRunner.runInSequence(MethodRunner.java:63)
at org.testng.internal.invokers.TestInvoker$MethodInvocationAgent.invoke(TestInvoker.java:995)
at org.testng.internal.invokers.TestInvoker.invokeTestMethods(TestInvoker.java:203)
at org.testng.internal.invokers.TestMethodWorker.invokeTestMethods(TestMethodWorker.java:154)
at org.testng.internal.invokers.TestMethodWorker.run(TestMethodWorker.java:134)
at java.base/java.util.ArrayList.forEach(ArrayList.java:1596)
at org.testng.TestRunner.privateRun(TestRunner.java:741)
at org.testng.TestRunner.run(TestRunner.java:616)
at org.testng.SuiteRunner.runTest(SuiteRunner.java:421)
at org.testng.SuiteRunner.runSequentially(SuiteRunner.java:413)
at org.testng.SuiteRunner.privateRun(SuiteRunner.java:373)
at org.testng.SuiteRunner.run(SuiteRunner.java:312)
at org.testng.SuiteRunnerWorker.runSuite(SuiteRunnerWorker.java:52)
at org.testng.SuiteRunnerWorker.run(SuiteRunnerWorker.java:95)
at org.testng.TestNG.runSuitesSequentially(TestNG.java:1274)
at org.testng.TestNG.runSuitesLocally(TestNG.java:1208)
at org.testng.TestNG.runSuites(TestNG.java:1112)
at org.testng.TestNG.run(TestNG.java:1079)
at org.testng.remote.AbstractRemoteTestNG.run(AbstractRemoteTestNG.java:115)
at org.testng.remote.RemoteTestNG.initAndRun(RemoteTestNG.java:293)
at org.testng.remote.RemoteTestNG.main(RemoteTestNG.java:91)
]]>
            </full-stacktrace>
          </exception> <!-- java.lang.AssertionError -->
          <reporter-output>
            <line>
              <![CDATA[Login failed - Invalid password]]>
            </line>
          </reporter-output>
        </test-method> <!-- verifyLogin2 -->
        <test-method signature="verifyLogin3()[pri:0, instance:testCases.T001_LoginTest@6995bf68]" started-at="2025-05-23T16:57:24 MST" name="verifyLogin3" finished-at="2025-05-23T16:57:36 MST" duration-ms="12220" status="FAIL">
          <exception class="java.lang.AssertionError">
            <message>
              <![CDATA[null]]>
            </message>
            <full-stacktrace>
              <![CDATA[java.lang.AssertionError: null
at org.testng.Assert.fail(Assert.java:111)
at org.testng.Assert.fail(Assert.java:116)
at testCases.T001_LoginTest.verifyLogin3(T001_LoginTest.java:94)
at java.base/jdk.internal.reflect.DirectMethodHandleAccessor.invoke(DirectMethodHandleAccessor.java:103)
at java.base/java.lang.reflect.Method.invoke(Method.java:580)
at org.testng.internal.invokers.MethodInvocationHelper.invokeMethod(MethodInvocationHelper.java:141)
at org.testng.internal.invokers.TestInvoker.invokeMethod(TestInvoker.java:687)
at org.testng.internal.invokers.TestInvoker.invokeTestMethod(TestInvoker.java:230)
at org.testng.internal.invokers.MethodRunner.runInSequence(MethodRunner.java:63)
at org.testng.internal.invokers.TestInvoker$MethodInvocationAgent.invoke(TestInvoker.java:995)
at org.testng.internal.invokers.TestInvoker.invokeTestMethods(TestInvoker.java:203)
at org.testng.internal.invokers.TestMethodWorker.invokeTestMethods(TestMethodWorker.java:154)
at org.testng.internal.invokers.TestMethodWorker.run(TestMethodWorker.java:134)
at java.base/java.util.ArrayList.forEach(ArrayList.java:1596)
at org.testng.TestRunner.privateRun(TestRunner.java:741)
at org.testng.TestRunner.run(TestRunner.java:616)
at org.testng.SuiteRunner.runTest(SuiteRunner.java:421)
at org.testng.SuiteRunner.runSequentially(SuiteRunner.java:413)
at org.testng.SuiteRunner.privateRun(SuiteRunner.java:373)
at org.testng.SuiteRunner.run(SuiteRunner.java:312)
at org.testng.SuiteRunnerWorker.runSuite(SuiteRunnerWorker.java:52)
at org.testng.SuiteRunnerWorker.run(SuiteRunnerWorker.java:95)
at org.testng.TestNG.runSuitesSequentially(TestNG.java:1274)
at org.testng.TestNG.runSuitesLocally(TestNG.java:1208)
at org.testng.TestNG.runSuites(TestNG.java:1112)
at org.testng.TestNG.run(TestNG.java:1079)
at org.testng.remote.AbstractRemoteTestNG.run(AbstractRemoteTestNG.java:115)
at org.testng.remote.RemoteTestNG.initAndRun(RemoteTestNG.java:293)
at org.testng.remote.RemoteTestNG.main(RemoteTestNG.java:91)
]]>
            </full-stacktrace>
          </exception> <!-- java.lang.AssertionError -->
          <reporter-output>
            <line>
              <![CDATA[Login failed - Invalid Email]]>
            </line>
          </reporter-output>
        </test-method> <!-- verifyLogin3 -->
        <test-method is-config="true" signature="tearDown()[pri:0, instance:testCases.T001_LoginTest@6995bf68]" started-at="2025-05-23T16:57:36 MST" name="tearDown" finished-at="2025-05-23T16:57:37 MST" duration-ms="518" status="PASS">
          <reporter-output>
          </reporter-output>
        </test-method> <!-- tearDown -->
      </class> <!-- testCases.T001_LoginTest -->
    </test> <!-- BaseTest -->
  </suite> <!-- Suite -->
</testng-results>
